<?xml version="1.0" encoding="UTF-8"?>
<!-- Generated by org.testng.reporters.JUnitReportReporter -->
<testsuite hostname="Arun" failures="0" tests="4" name="testCases.TC_SanityE2E" time="2.476" errors="0" timestamp="2024-11-24T10:51:22 IST" skipped="0">
  <testcase classname="testCases.TC_SanityE2E" name="HomePageTitleTest" time="0.032"/>
  <testcase classname="testCases.TC_SanityE2E" name="CurrencyDropdownTest" time="0.042"/>
  <testcase classname="testCases.TC_SanityE2E" name="AccountRegisterTest" time="1.520"/>
  <testcase classname="testCases.TC_SanityE2E" name="LoginTest" time="0.882"/>
</testsuite> <!-- testCases.TC_SanityE2E -->
