<?xml version="1.0" encoding="UTF-8"?>
<!-- Generated by org.testng.reporters.JUnitReportReporter -->
<testsuite hostname="NITHIK-PC" failures="0" tests="1" name="testCases.TC001_AccountRegister" time="1.800" errors="0" timestamp="2024-09-15T17:41:34 IST" skipped="0">
  <testcase classname="testCases.TC001_AccountRegister" name="verifyRegister" time="1.800"/>
</testsuite> <!-- testCases.TC001_AccountRegister -->
