<?xml version="1.0" encoding="UTF-8"?>
<!-- Generated by org.testng.reporters.JUnitReportReporter -->
<testsuite hostname="Arun" failures="0" tests="1" name="testCases.TC001_AccountRegister" time="2.422" errors="0" timestamp="2024-11-26T14:03:57 IST" skipped="0">
  <testcase classname="testCases.TC001_AccountRegister" name="verifyRegister" time="2.422"/>
</testsuite> <!-- testCases.TC001_AccountRegister -->
