<?xml version="1.0" encoding="UTF-8"?>
<!-- Generated by org.testng.reporters.JUnitReportReporter -->
<testsuite hostname="Arun" failures="0" tests="8" name="testCases.TC_SanityE2E" time="7.703" errors="0" timestamp="2024-11-26T09:29:32 IST" skipped="0">
  <testcase classname="testCases.TC_SanityE2E" name="HomePageTitleTest" time="0.032"/>
  <testcase classname="testCases.TC_SanityE2E" name="CurrencyDropdownTest" time="0.047"/>
  <testcase classname="testCases.TC_SanityE2E" name="AccountRegisterTest" time="2.187"/>
  <testcase classname="testCases.TC_SanityE2E" name="LoginTest" time="1.139"/>
  <testcase classname="testCases.TC_SanityE2E" name="SearchTest" time="0.526"/>
  <testcase classname="testCases.TC_SanityE2E" name="ProductDetailsPageNavigationTest" time="0.795"/>
  <testcase classname="testCases.TC_SanityE2E" name="AddToCartTest" time="2.075"/>
  <testcase classname="testCases.TC_SanityE2E" name="ShoppingCartTest" time="0.902"/>
</testsuite> <!-- testCases.TC_SanityE2E -->
