<?xml version="1.0" encoding="UTF-8"?>
<!-- Generated by org.testng.reporters.JUnitReportReporter -->
<testsuite hostname="Arun" failures="0" tests="1" name="testCases.TC002_Login" time="1.742" errors="0" timestamp="2024-11-26T10:20:13 IST" skipped="0">
  <testcase classname="testCases.TC002_Login" name="verifyLogin" time="1.742"/>
</testsuite> <!-- testCases.TC002_Login -->
