<?xml version="1.0" encoding="UTF-8"?>
<!-- Generated by org.testng.reporters.JUnitReportReporter -->
<testsuite hostname="BDC6-L-F2AKYXJ" failures="0" tests="5" name="testCases.TC003_LoginDDT" time="25.507" errors="0" timestamp="2024-09-10T11:28:49 IST" skipped="0">
  <testcase classname="testCases.TC003_LoginDDT" name="verifyLoginDDT" time="2.785"/>
  <testcase classname="testCases.TC003_LoginDDT" name="verifyLoginDDT" time="6.262"/>
  <testcase classname="testCases.TC003_LoginDDT" name="verifyLoginDDT" time="7.542"/>
  <testcase classname="testCases.TC003_LoginDDT" name="verifyLoginDDT" time="6.708"/>
  <testcase classname="testCases.TC003_LoginDDT" name="verifyLoginDDT" time="2.210"/>
</testsuite> <!-- testCases.TC003_LoginDDT -->
