<?xml version="1.0" encoding="UTF-8"?>
<!-- Generated by org.testng.reporters.JUnitReportReporter -->
<testsuite hostname="Arun" failures="0" tests="1" name="testCases.TC004_ProductSearch" time="5.394" errors="0" timestamp="2024-11-20T19:56:06 IST" skipped="0">
  <testcase classname="testCases.TC004_ProductSearch" name="searchItem" time="5.394"/>
</testsuite> <!-- testCases.TC004_ProductSearch -->
