<?xml version="1.0" encoding="UTF-8"?>
<!-- Generated by org.testng.reporters.JUnitReportReporter -->
<testsuite hostname="NITHIK-PC" failures="0" tests="1" name="testCases.TC002_Login" time="2.819" errors="0" timestamp="2024-09-15T17:41:34 IST" skipped="0">
  <testcase classname="testCases.TC002_Login" name="verifyLogin" time="2.819"/>
</testsuite> <!-- testCases.TC002_Login -->
