<?xml version="1.0" encoding="UTF-8"?>
<!-- Generated by org.testng.reporters.JUnitReportReporter -->
<testsuite hostname="BDC6-L-F2AKYXJ" failures="0" tests="1" name="testCases.AccountRegister" time="3.840" errors="0" timestamp="2024-09-09T09:10:52 IST" skipped="0">
  <testcase classname="testCases.AccountRegister" name="TC001_Register" time="3.840"/>
</testsuite> <!-- testCases.AccountRegister -->
