<?xml version="1.0" encoding="UTF-8"?>
<!-- Generated by org.testng.reporters.JUnitReportReporter -->
<testsuite hostname="Arun" failures="0" tests="1" name="testCases.TC002_Login" time="1.138" errors="0" timestamp="2024-11-20T18:56:22 IST" skipped="0">
  <testcase classname="testCases.TC002_Login" name="verifyLogin" time="1.138"/>
</testsuite> <!-- testCases.TC002_Login -->
