<?xml version="1.0" encoding="UTF-8"?>
<!-- Generated by org.testng.reporters.JUnitReportReporter -->
<testsuite hostname="Arun" failures="0" tests="1" name="testCases.TC004_ProductSearch" time="0.524" errors="0" timestamp="2024-11-26T14:03:57 IST" skipped="0">
  <testcase classname="testCases.TC004_ProductSearch" name="searchItem" time="0.524"/>
</testsuite> <!-- testCases.TC004_ProductSearch -->
