<?xml version="1.0" encoding="UTF-8"?>
<!-- Generated by org.testng.reporters.JUnitReportReporter -->
<testsuite hostname="Arun" failures="0" tests="24" name="testCases.TC_SanityE2E" time="35.546" errors="0" timestamp="2024-11-25T11:36:49 IST" skipped="0">
  <testcase classname="testCases.TC_SanityE2E" name="HomePageTitleTest" time="0.028"/>
  <testcase classname="testCases.TC_SanityE2E" name="HomePageTitleTest" time="0.005"/>
  <testcase classname="testCases.TC_SanityE2E" name="HomePageTitleTest" time="0.016"/>
  <testcase classname="testCases.TC_SanityE2E" name="CurrencyDropdownTest" time="0.025"/>
  <testcase classname="testCases.TC_SanityE2E" name="CurrencyDropdownTest" time="0.084"/>
  <testcase classname="testCases.TC_SanityE2E" name="CurrencyDropdownTest" time="0.042"/>
  <testcase classname="testCases.TC_SanityE2E" name="AccountRegisterTest" time="1.871"/>
  <testcase classname="testCases.TC_SanityE2E" name="AccountRegisterTest" time="7.269"/>
  <testcase classname="testCases.TC_SanityE2E" name="AccountRegisterTest" time="2.018"/>
  <testcase classname="testCases.TC_SanityE2E" name="LoginTest" time="0.848"/>
  <testcase classname="testCases.TC_SanityE2E" name="LoginTest" time="0.996"/>
  <testcase classname="testCases.TC_SanityE2E" name="LoginTest" time="0.911"/>
  <testcase classname="testCases.TC_SanityE2E" name="SearchTest" time="1.324"/>
  <testcase classname="testCases.TC_SanityE2E" name="SearchTest" time="0.568"/>
  <testcase classname="testCases.TC_SanityE2E" name="SearchTest" time="0.408"/>
  <testcase classname="testCases.TC_SanityE2E" name="ProductDetailsPageNavigationTest" time="2.510"/>
  <testcase classname="testCases.TC_SanityE2E" name="ProductDetailsPageNavigationTest" time="2.462"/>
  <testcase classname="testCases.TC_SanityE2E" name="ProductDetailsPageNavigationTest" time="0.322"/>
  <testcase classname="testCases.TC_SanityE2E" name="AddToCartTest" time="2.672"/>
  <testcase classname="testCases.TC_SanityE2E" name="AddToCartTest" time="3.350"/>
  <testcase classname="testCases.TC_SanityE2E" name="AddToCartTest" time="3.509"/>
  <testcase classname="testCases.TC_SanityE2E" name="ShoppingCartTest" time="2.564"/>
  <testcase classname="testCases.TC_SanityE2E" name="ShoppingCartTest" time="0.829"/>
  <testcase classname="testCases.TC_SanityE2E" name="ShoppingCartTest" time="0.915"/>
</testsuite> <!-- testCases.TC_SanityE2E -->
