<?xml version="1.0" encoding="UTF-8"?>
<!-- Generated by org.testng.reporters.JUnitReportReporter -->
<testsuite hostname="NITHIK-PC" failures="0" tests="1" name="testCases.TC002_Login" time="1.479" errors="0" timestamp="2024-09-15T19:35:16 IST" skipped="0">
  <testcase classname="testCases.TC002_Login" name="verifyLogin" time="1.479"/>
</testsuite> <!-- testCases.TC002_Login -->
